<?xml version="1.0" encoding="UTF-8"?>
<Site BuildName="(empty)"
	BuildStamp="20230812-2323-Experimental"
	Name="(empty)"
	Generator="ctest-3.16.3"
	CompilerName=""
	CompilerVersion=""
	OSName="Linux"
	Hostname="DESKTOP-8PVKFJ7"
	OSRelease="5.10.102.1-microsoft-standard-WSL2"
	OSVersion="#1 SMP Wed Mar 2 00:30:59 UTC 2022"
	OSPlatform="x86_64"
	Is64Bits="1"
	VendorString="AuthenticAMD"
	VendorID="Advanced Micro Devices"
	FamilyID="23"
	ModelID="113"
	ProcessorCacheSize="512"
	NumberOfLogicalCPU="16"
	NumberOfPhysicalCPU="8"
	TotalVirtualMemory="8192"
	TotalPhysicalMemory="32059"
	LogicalProcessorsPerPhysical="2"
	ProcessorClockFrequency="4050.02"
	>
	<Testing>
		<StartDateTime>Aug 12 16:23 PDT</StartDateTime>
		<StartTestTime>1691882626</StartTestTime>
		<TestList/>
		<EndDateTime>Aug 12 16:23 PDT</EndDateTime>
		<EndTestTime>1691882626</EndTestTime>
		<ElapsedMinutes>0</ElapsedMinutes>
	</Testing>
</Site>
